<?xml version="1.0" encoding="UTF-8"?>
<coverage generated="1167892240109" clover="1.3.13">
   <project timestamp="1167892239971">
      <metrics coveredelements="55" packages="1" coveredconditionals="3" ncloc="117" statements="47" loc="267" files="5" 
                  conditionals="4" coveredmethods="10" coveredstatements="42" methods="13" classes="5" elements="64"/>

      <package name="edu.hawaii.stack">
         <metrics coveredelements="55" files="5" coveredconditionals="3" conditionals="4" ncloc="117" statements="47" 
                     coveredstatements="42" coveredmethods="10" loc="267" methods="13" classes="5" elements="64"/>

         <file name="/Users/johnson/svn-csdl/StackyHack/src/edu/hawaii/stack/ClearStack.java">
            <class name="ClearStack">
               <metrics coveredelements="2" coveredconditionals="0" conditionals="0" statements="2" coveredstatements="1" 
                           coveredmethods="1" methods="2" elements="4"/>
            </class>
            <metrics coveredelements="2" coveredconditionals="0" conditionals="0" ncloc="11" statements="2" 
                        coveredstatements="1" coveredmethods="1" loc="37" methods="2" classes="1" elements="4"/>
            <line num="23" type="method" count="1"/>
            <line num="24" type="stmt" count="1"/>
            <line num="34" type="method" count="0"/>
            <line num="35" type="stmt" count="0"/>
         </file>

         <file name="/Users/johnson/svn-csdl/StackyHack/src/edu/hawaii/stack/EmptyStackException.java">
            <class name="EmptyStackException">
               <metrics coveredelements="2" coveredconditionals="0" conditionals="0" statements="1" coveredstatements="1" 
                           coveredmethods="1" methods="1" elements="2"/>
            </class>
            <metrics coveredelements="2" coveredconditionals="0" conditionals="0" ncloc="7" statements="1" coveredstatements="1" 
                        coveredmethods="1" loc="23" methods="1" classes="1" elements="2"/>
            <line num="20" type="method" count="1"/>
            <line num="21" type="stmt" count="1"/>
         </file>

         <file name="/Users/johnson/svn-csdl/StackyHack/src/edu/hawaii/stack/TestStack.java">
            <class name="TestStack">
               <metrics coveredelements="15" coveredconditionals="0" conditionals="0" statements="14" coveredstatements="13" 
                           coveredmethods="2" methods="2" elements="16"/>
            </class>
            <metrics coveredelements="15" coveredconditionals="0" conditionals="0" ncloc="28" statements="14" 
                        coveredstatements="13" coveredmethods="2" loc="52" methods="2" classes="1" elements="16"/>
            <line num="26" type="method" count="1"/>
            <line num="27" type="stmt" count="1"/>
            <line num="28" type="stmt" count="1"/>
            <line num="29" type="stmt" count="1"/>
            <line num="30" type="stmt" count="1"/>
            <line num="31" type="stmt" count="1"/>
            <line num="32" type="stmt" count="1"/>
            <line num="33" type="stmt" count="1"/>
            <line num="34" type="stmt" count="1"/>
            <line num="35" type="stmt" count="1"/>
            <line num="37" type="stmt" count="1"/>
            <line num="42" type="method" count="1"/>
            <line num="43" type="stmt" count="1"/>
            <line num="44" type="stmt" count="1"/>
            <line num="45" type="stmt" count="1"/>
            <line num="46" type="stmt" count="0"/>
         </file>

         <file name="/Users/johnson/svn-csdl/StackyHack/src/edu/hawaii/stack/TestClearStack.java">
            <class name="TestClearStack">
               <metrics coveredelements="14" coveredconditionals="2" conditionals="2" statements="11" coveredstatements="11" 
                           coveredmethods="1" methods="1" elements="14"/>
            </class>
            <metrics coveredelements="14" coveredconditionals="2" conditionals="2" ncloc="23" statements="11" 
                        coveredstatements="11" coveredmethods="1" loc="41" methods="1" classes="1" elements="14"/>
            <line num="25" type="method" count="1"/>
            <line num="26" type="stmt" count="1"/>
            <line num="27" type="stmt" count="1"/>
            <line num="28" type="stmt" count="1"/>
            <line num="29" type="stmt" count="1"/>
            <line num="30" type="stmt" count="1"/>
            <line num="32" type="stmt" count="1"/>
            <line falsecount="1" num="32" type="cond" truecount="3"/>
            <line num="33" type="stmt" count="3"/>
            <line num="34" type="stmt" count="3"/>
            <line num="37" type="stmt" count="1"/>
            <line num="38" type="stmt" count="1"/>
            <line num="39" type="stmt" count="1"/>
         </file>

         <file name="/Users/johnson/svn-csdl/StackyHack/src/edu/hawaii/stack/Stack.java">
            <class name="Stack">
               <metrics coveredelements="22" coveredconditionals="1" conditionals="2" statements="19" coveredstatements="16" 
                           coveredmethods="5" methods="7" elements="28"/>
            </class>
            <metrics coveredelements="22" coveredconditionals="1" conditionals="2" ncloc="48" statements="19" 
                        coveredstatements="16" coveredmethods="5" loc="114" methods="7" classes="1" elements="28"/>
            <line num="30" type="method" count="6"/>
            <line num="31" type="stmt" count="6"/>
            <line num="41" type="method" count="4"/>
            <line num="42" type="stmt" count="4"/>
            <line num="43" type="stmt" count="4"/>
            <line num="44" type="stmt" count="3"/>
            <line num="45" type="stmt" count="3"/>
            <line num="48" type="stmt" count="1"/>
            <line num="59" type="method" count="1"/>
            <line num="60" type="stmt" count="1"/>
            <line num="61" type="stmt" count="1"/>
            <line num="62" type="stmt" count="1"/>
            <line num="65" type="stmt" count="0"/>
            <line num="75" type="method" count="1"/>
            <line num="76" type="stmt" count="1"/>
            <line num="77" type="stmt" count="1"/>
            <line num="85" type="method" count="1"/>
            <line num="86" type="stmt" count="1"/>
            <line num="87" type="stmt" count="1"/>
            <line num="88" type="stmt" count="1"/>
            <line num="89" type="stmt" count="1"/>
            <line num="94" type="stmt" count="1"/>
            <line falsecount="0" num="94" type="cond" truecount="1"/>
            <line num="102" type="method" count="0"/>
            <line num="103" type="stmt" count="0"/>
            <line num="111" type="method" count="0"/>
            <line num="112" type="stmt" count="0"/>
         </file>
      </package>
   </project>
</coverage>
